#
# A fatal error has been detected by the Java Runtime Environment:
#
#  EXCEPTION_ACCESS_VIOLATION (0xc0000005) at pc=0x0000000065530af0, pid=7060, tid=4804
#
# JRE version: Java(TM) SE Runtime Environment (7.0_75-b13) (build 1.7.0_75-b13)
# Java VM: Java HotSpot(TM) 64-Bit Server VM (24.75-b04 mixed mode windows-amd64 compressed oops)
# Problematic frame:
# V  [jvm.dll+0x40af0]
#
# Failed to write core dump. Minidumps are not enabled by default on client versions of Windows
#
# If you would like to submit a bug report, please visit:
#   http://bugreport.sun.com/bugreport/crash.jsp
#

---------------  T H R E A D  ---------------

Current thread (0x0000000001e02000):  GCTaskThread [stack: 0x0000000005a00000,0x0000000005b00000] [id=4804]

siginfo: ExceptionCode=0xc0000005, reading address 0x0000000000000018

Registers:
RAX=0x0000000005c80000, RBX=0x00000000d35c77d0, RCX=0x00000000d35c77d0, RDX=0x0000000000000010
RSP=0x0000000005aff708, RBP=0x00000000077396e0, RSI=0x00000000d35c58fc, RDI=0x00000000d35c77d0
R8 =0x000000000001ae3b, R9 =0x0000000000000000, R10=0x000000000000000c, R11=0x0000000000000000
R12=0x00000000d35c5900, R13=0x0000000000000038, R14=0x00000000d35c5810, R15=0x0000000000000038
RIP=0x0000000065530af0, EFLAGS=0x0000000000010202

Top of Stack: (sp=0x0000000005aff708)
0x0000000005aff708:   00000000655c31eb 00000000077396e0
0x0000000005aff718:   00000000655e026b 0000000065ab7ca8
0x0000000005aff728:   00000000655c3216 00000000d35c77d0
0x0000000005aff738:   0000000065606b9a 000000000000b9c9
0x0000000005aff748:   0000000000000004 00000000d459fb48
0x0000000005aff758:   00000000655c5a48 00000000077396e0
0x0000000005aff768:   0000000065606e8d 0000000000000000
0x0000000005aff778:   0000000001e02260 0000000001dfc4e0
0x0000000005aff788:   00000000d35c5810 000000000000b9c9
0x0000000005aff798:   000000006588a49c 00000000077396e0
0x0000000005aff7a8:   00000000077396e0 0000000065ab7ca8
0x0000000005aff7b8:   00000000077396e0 000000000a515a60
0x0000000005aff7c8:   0000000000000006 00000000077396e0
0x0000000005aff7d8:   00000000655c35f2 00000000e3defe28
0x0000000005aff7e8:   000007fefcf1134c 0000000001dfc4e0
0x0000000005aff7f8:   0000000001dfc4e0 0000000001e02270 

Instructions: (pc=0x0000000065530af0)
0x0000000065530ad0:   0d 44 0f b7 c0 48 83 c1 40 e8 f2 63 51 00 48 83
0x0000000065530ae0:   c4 28 c3 cc cc cc cc cc cc cc cc cc cc cc cc cc
0x0000000065530af0:   44 8b 42 08 4c 8b ca 45 85 c0 7e 0e 41 f6 c0 01
0x0000000065530b00:   75 57 41 c1 f8 03 41 8b c0 c3 79 4d 80 3d e5 54 


Register to memory mapping:

RAX=0x0000000005c80000 is an unknown value
RBX=0x00000000d35c77d0 is pointing into object: 0x00000000d35c7790
{method} 
 - klass: {other class}
RCX=0x00000000d35c77d0 is pointing into object: 0x00000000d35c7790
{method} 
 - klass: {other class}
RDX=0x0000000000000010 is an unknown value
RSP=0x0000000005aff708 is an unknown value
RBP=0x00000000077396e0 is an unknown value
RSI=0x00000000d35c58fc is pointing into object: 0x00000000d35c5810
[[I 
 - klass: 'java/lang/Object'[]
 - length: 56
RDI=0x00000000d35c77d0 is pointing into object: 0x00000000d35c7790
{method} 
 - klass: {other class}
R8 =0x000000000001ae3b is an unknown value
R9 =0x0000000000000000 is an unknown value
R10=0x000000000000000c is an unknown value
R11=0x0000000000000000 is an unknown value
R12=0x00000000d35c5900 is an oop
{constMethod} 
 - klass: {other class}
 - constants:       0x00000000d35c5380 constant pool [119] for 'org/eclipse/m2e/core/embedder/IMaven' cache=0x00000000d459fb48
R13=0x0000000000000038 is an unknown value
R14=0x00000000d35c5810 is an oop
[[I 
 - klass: 'java/lang/Object'[]
 - length: 56
R15=0x0000000000000038 is an unknown value


Stack: [0x0000000005a00000,0x0000000005b00000],  sp=0x0000000005aff708,  free space=1021k
Native frames: (J=compiled Java code, j=interpreted, Vv=VM code, C=native code)
V  [jvm.dll+0x40af0]


---------------  P R O C E S S  ---------------

Java Threads: ( => current thread )
  0x0000000011d89000 JavaThread "Worker-22" [_thread_blocked, id=6688, stack(0x0000000015660000,0x0000000015760000)]
  0x0000000011d89800 JavaThread "Worker-21" [_thread_blocked, id=3032, stack(0x00000000161d0000,0x00000000162d0000)]
  0x000000000a460000 JavaThread "Worker-19" [_thread_blocked, id=5348, stack(0x00000000132c0000,0x00000000133c0000)]
  0x0000000011d88000 JavaThread "org.eclipse.jdt.internal.ui.text.JavaReconciler" daemon [_thread_blocked, id=1564, stack(0x0000000015560000,0x0000000015660000)]
  0x000000000a459000 JavaThread "org.eclipse.jdt.internal.ui.text.JavaReconciler" daemon [_thread_blocked, id=6676, stack(0x0000000014dc0000,0x0000000014ec0000)]
  0x00000000101a8800 JavaThread "org.eclipse.wst.sse.ui.internal.reconcile.StructuredRegionProcessor" daemon [_thread_blocked, id=6172, stack(0x0000000014f90000,0x0000000015090000)]
  0x00000000101ad000 JavaThread "Keep-Alive-SocketCleaner" daemon [_thread_blocked, id=1120, stack(0x0000000015420000,0x0000000015520000)]
  0x000000000a45d000 JavaThread "Worker-16" [_thread_blocked, id=1616, stack(0x000000000fc10000,0x000000000fd10000)]
  0x00000000101ab800 JavaThread "org.eclipse.wst.sse.ui.internal.reconcile.StructuredRegionProcessor" daemon [_thread_blocked, id=4080, stack(0x000000000fd20000,0x000000000fe20000)]
  0x000000000a45f000 JavaThread "Worker-14" [_thread_blocked, id=4884, stack(0x000000000ee10000,0x000000000ef10000)]
  0x000000000a45e800 JavaThread "org.eclipse.jdt.internal.ui.text.JavaReconciler" daemon [_thread_blocked, id=3768, stack(0x000000000cbc0000,0x000000000ccc0000)]
  0x00000000101a7000 JavaThread "[ThreadPool Manager] - Idle Thread" daemon [_thread_blocked, id=776, stack(0x00000000134c0000,0x00000000135c0000)]
  0x000000000a45b800 JavaThread "JavaScript indexing" daemon [_thread_blocked, id=212, stack(0x000000000f9d0000,0x000000000fad0000)]
  0x000000000a45a000 JavaThread "EventAdmin Async Event Dispatcher Thread" daemon [_thread_blocked, id=1112, stack(0x000000000f0a0000,0x000000000f1a0000)]
  0x000000000a14c800 JavaThread "Java indexing" daemon [_thread_blocked, id=6832, stack(0x000000000eb70000,0x000000000ec70000)]
  0x0000000009ecf000 JavaThread "Bundle File Closer" daemon [_thread_blocked, id=6756, stack(0x000000000ea10000,0x000000000eb10000)]
  0x000000000a8d1800 JavaThread "EMF Reference Cleaner" daemon [_thread_blocked, id=5928, stack(0x000000000c470000,0x000000000c570000)]
  0x000000000a569000 JavaThread "Worker-JM" [_thread_blocked, id=2296, stack(0x000000000bf10000,0x000000000c010000)]
  0x000000000a435800 JavaThread "[Timer] - Main Queue Handler" daemon [_thread_blocked, id=7084, stack(0x000000000c200000,0x000000000c300000)]
  0x000000000a934800 JavaThread "Start Level: Equinox Container: c0870d09-91ed-0014-1c39-fe9dd6f55bca" daemon [_thread_blocked, id=6416, stack(0x000000000b930000,0x000000000ba30000)]
  0x000000000aa6c000 JavaThread "Framework Event Dispatcher: Equinox Container: c0870d09-91ed-0014-1c39-fe9dd6f55bca" daemon [_thread_blocked, id=2792, stack(0x000000000bce0000,0x000000000bde0000)]
  0x000000000a1c8000 JavaThread "Active Thread: Equinox Container: c0870d09-91ed-0014-1c39-fe9dd6f55bca" [_thread_blocked, id=6728, stack(0x000000000baf0000,0x000000000bbf0000)]
  0x00000000077f0000 JavaThread "Service Thread" daemon [_thread_blocked, id=3104, stack(0x0000000009290000,0x0000000009390000)]
  0x00000000077ef800 JavaThread "C2 CompilerThread1" daemon [_thread_blocked, id=3324, stack(0x0000000009170000,0x0000000009270000)]
  0x00000000077ea800 JavaThread "C2 CompilerThread0" daemon [_thread_blocked, id=744, stack(0x0000000008ca0000,0x0000000008da0000)]
  0x00000000077e7000 JavaThread "Attach Listener" daemon [_thread_blocked, id=5704, stack(0x0000000009010000,0x0000000009110000)]
  0x00000000077e2000 JavaThread "Signal Dispatcher" daemon [_thread_blocked, id=5408, stack(0x0000000008e80000,0x0000000008f80000)]
  0x000000000778b000 JavaThread "Finalizer" daemon [_thread_blocked, id=4056, stack(0x0000000008800000,0x0000000008900000)]
  0x0000000007784000 JavaThread "Reference Handler" daemon [_thread_blocked, id=7148, stack(0x0000000008ba0000,0x0000000008ca0000)]
  0x0000000001dae800 JavaThread "main" [_thread_blocked, id=5720, stack(0x0000000002600000,0x0000000002700000)]

Other Threads:
  0x000000000777e000 VMThread [stack: 0x00000000089a0000,0x0000000008aa0000] [id=1164]
  0x0000000009398800 WatcherThread [stack: 0x0000000009790000,0x0000000009890000] [id=5728]

=>0x0000000001e02000 (exited) GCTaskThread [stack: 0x0000000005a00000,0x0000000005b00000] [id=4804]

VM state:at safepoint (normal execution)

VM Mutex/Monitor currently owned by a thread:  ([mutex/lock_event])
[0x0000000001dac2e0] Threads_lock - owner thread: 0x000000000777e000
[0x0000000001dac7e0] Heap_lock - owner thread: 0x0000000011d89800

Heap
 PSYoungGen      total 91648K, used 1816K [0x00000000f5500000, 0x00000000fc780000, 0x0000000100000000)
  eden space 89600K, 0% used [0x00000000f5500000,0x00000000f5500000,0x00000000fac80000)
  from space 2048K, 88% used [0x00000000fac80000,0x00000000fae460b0,0x00000000fae80000)
  to   space 13824K, 0% used [0x00000000fba00000,0x00000000fba00000,0x00000000fc780000)
 ParOldGen       total 134656K, used 104171K [0x00000000e0000000, 0x00000000e8380000, 0x00000000f5500000)
  object space 134656K, 77% used [0x00000000e0000000,0x00000000e65bae90,0x00000000e8380000)
 PSPermGen       total 129536K, used 124328K [0x00000000d0000000, 0x00000000d7e80000, 0x00000000e0000000)
  object space 129536K, 95% used [0x00000000d0000000,0x00000000d796a108,0x00000000d7e80000)

Card table byte_map: [0x00000000022d0000,0x0000000002460000] byte_map_base: 0x0000000001c50000

Polling page: 0x00000000000b0000

Code Cache  [0x0000000002700000, 0x00000000031b0000, 0x0000000005700000)
 total_blobs=3586 nmethods=2664 adapters=869 free_code_cache=38416Kb largest_free_block=39177088

Compilation events (10 events):
Event: 1765.200 Thread 0x00000000077ea800 3125   !         org.eclipse.swt.internal.ole.win32.COMObject::<init> (219 bytes)
Event: 1765.222 Thread 0x00000000077ea800 nmethod 3125 0x0000000003191210 code [0x00000000031913c0, 0x0000000003191ac0]
Event: 1765.233 Thread 0x00000000077ef800 3126             java.lang.Character::isSurrogate (18 bytes)
Event: 1765.234 Thread 0x00000000077ef800 nmethod 3126 0x0000000003191010 code [0x0000000003191140, 0x0000000003191198]
Event: 1794.031 Thread 0x00000000077ea800 3127             org.eclipse.ui.internal.texteditor.AnnotationType::getPreference (5 bytes)
Event: 1794.032 Thread 0x00000000077ea800 nmethod 3127 0x0000000003190e10 code [0x0000000003190f40, 0x0000000003190f98]
Event: 1794.044 Thread 0x00000000077ef800 3128             org.eclipse.swt.graphics.GC::getClipping (129 bytes)
Event: 1794.052 Thread 0x00000000077ef800 nmethod 3128 0x0000000003192110 code [0x00000000031922c0, 0x00000000031925e0]
Event: 1797.106 Thread 0x00000000077ea800 3129             org.eclipse.ui.internal.texteditor.DelegatingAnnotationPreference::isCached (11 bytes)
Event: 1797.108 Thread 0x00000000077ea800 nmethod 3129 0x0000000003190b10 code [0x0000000003190c60, 0x0000000003190d08]

GC Heap History (10 events):
Event: 1683.244 GC heap after
Heap after GC invocations=100 (full 35):
 PSYoungGen      total 103424K, used 7868K [0x00000000f5500000, 0x00000000fc880000, 0x0000000100000000)
  eden space 89600K, 0% used [0x00000000f5500000,0x00000000f5500000,0x00000000fac80000)
  from space 13824K, 56% used [0x00000000fac80000,0x00000000fb42f050,0x00000000fba00000)
  to   space 14336K, 0% used [0x00000000fba80000,0x00000000fba80000,0x00000000fc880000)
 ParOldGen       total 134656K, used 102057K [0x00000000e0000000, 0x00000000e8380000, 0x00000000f5500000)
  object space 134656K, 75% used [0x00000000e0000000,0x00000000e63aa598,0x00000000e8380000)
 PSPermGen       total 128000K, used 124059K [0x00000000d0000000, 0x00000000d7d00000, 0x00000000e0000000)
  object space 128000K, 96% used [0x00000000d0000000,0x00000000d7926e50,0x00000000d7d00000)
}
Event: 1683.244 GC heap before
{Heap before GC invocations=101 (full 36):
 PSYoungGen      total 103424K, used 7868K [0x00000000f5500000, 0x00000000fc880000, 0x0000000100000000)
  eden space 89600K, 0% used [0x00000000f5500000,0x00000000f5500000,0x00000000fac80000)
  from space 13824K, 56% used [0x00000000fac80000,0x00000000fb42f050,0x00000000fba00000)
  to   space 14336K, 0% used [0x00000000fba80000,0x00000000fba80000,0x00000000fc880000)
 ParOldGen       total 134656K, used 102057K [0x00000000e0000000, 0x00000000e8380000, 0x00000000f5500000)
  object space 134656K, 75% used [0x00000000e0000000,0x00000000e63aa598,0x00000000e8380000)
 PSPermGen       total 128000K, used 124059K [0x00000000d0000000, 0x00000000d7d00000, 0x00000000e0000000)
  object space 128000K, 96% used [0x00000000d0000000,0x00000000d7926e50,0x00000000d7d00000)
Event: 1683.947 GC heap after
Heap after GC invocations=101 (full 36):
 PSYoungGen      total 103424K, used 0K [0x00000000f5500000, 0x00000000fc880000, 0x0000000100000000)
  eden space 89600K, 0% used [0x00000000f5500000,0x00000000f5500000,0x00000000fac80000)
  from space 13824K, 0% used [0x00000000fac80000,0x00000000fac80000,0x00000000fba00000)
  to   space 14336K, 0% used [0x00000000fba80000,0x00000000fba80000,0x00000000fc880000)
 ParOldGen       total 134656K, used 106130K [0x00000000e0000000, 0x00000000e8380000, 0x00000000f5500000)
  object space 134656K, 78% used [0x00000000e0000000,0x00000000e67a4b58,0x00000000e8380000)
 PSPermGen       total 129536K, used 124053K [0x00000000d0000000, 0x00000000d7e80000, 0x00000000e0000000)
  object space 129536K, 95% used [0x00000000d0000000,0x00000000d7925728,0x00000000d7e80000)
}
Event: 1743.221 GC heap before
{Heap before GC invocations=102 (full 36):
 PSYoungGen      total 103424K, used 28144K [0x00000000f5500000, 0x00000000fc880000, 0x0000000100000000)
  eden space 89600K, 31% used [0x00000000f5500000,0x00000000f707c100,0x00000000fac80000)
  from space 13824K, 0% used [0x00000000fac80000,0x00000000fac80000,0x00000000fba00000)
  to   space 14336K, 0% used [0x00000000fba80000,0x00000000fba80000,0x00000000fc880000)
 ParOldGen       total 134656K, used 106130K [0x00000000e0000000, 0x00000000e8380000, 0x00000000f5500000)
  object space 134656K, 78% used [0x00000000e0000000,0x00000000e67a4b58,0x00000000e8380000)
 PSPermGen       total 129536K, used 124062K [0x00000000d0000000, 0x00000000d7e80000, 0x00000000e0000000)
  object space 129536K, 95% used [0x00000000d0000000,0x00000000d79279e0,0x00000000d7e80000)
Event: 1743.240 GC heap after
Heap after GC invocations=102 (full 36):
 PSYoungGen      total 103936K, used 512K [0x00000000f5500000, 0x00000000fc880000, 0x0000000100000000)
  eden space 89600K, 0% used [0x00000000f5500000,0x00000000f5500000,0x00000000fac80000)
  from space 14336K, 3% used [0x00000000fba80000,0x00000000fbb00000,0x00000000fc880000)
  to   space 14336K, 0% used [0x00000000fac80000,0x00000000fac80000,0x00000000fba80000)
 ParOldGen       total 134656K, used 106130K [0x00000000e0000000, 0x00000000e8380000, 0x00000000f5500000)
  object space 134656K, 78% used [0x00000000e0000000,0x00000000e67a4b58,0x00000000e8380000)
 PSPermGen       total 129536K, used 124062K [0x00000000d0000000, 0x00000000d7e80000, 0x00000000e0000000)
  object space 129536K, 95% used [0x00000000d0000000,0x00000000d79279e0,0x00000000d7e80000)
}
Event: 1743.240 GC heap before
{Heap before GC invocations=103 (full 37):
 PSYoungGen      total 103936K, used 512K [0x00000000f5500000, 0x00000000fc880000, 0x0000000100000000)
  eden space 89600K, 0% used [0x00000000f5500000,0x00000000f5500000,0x00000000fac80000)
  from space 14336K, 3% used [0x00000000fba80000,0x00000000fbb00000,0x00000000fc880000)
  to   space 14336K, 0% used [0x00000000fac80000,0x00000000fac80000,0x00000000fba80000)
 ParOldGen       total 134656K, used 106130K [0x00000000e0000000, 0x00000000e8380000, 0x00000000f5500000)
  object space 134656K, 78% used [0x00000000e0000000,0x00000000e67a4b58,0x00000000e8380000)
 PSPermGen       total 129536K, used 124062K [0x00000000d0000000, 0x00000000d7e80000, 0x00000000e0000000)
  object space 129536K, 95% used [0x00000000d0000000,0x00000000d79279e0,0x00000000d7e80000)
Event: 1743.871 GC heap after
Heap after GC invocations=103 (full 37):
 PSYoungGen      total 103936K, used 0K [0x00000000f5500000, 0x00000000fc880000, 0x0000000100000000)
  eden space 89600K, 0% used [0x00000000f5500000,0x00000000f5500000,0x00000000fac80000)
  from space 14336K, 0% used [0x00000000fba80000,0x00000000fba80000,0x00000000fc880000)
  to   space 14336K, 0% used [0x00000000fac80000,0x00000000fac80000,0x00000000fba80000)
 ParOldGen       total 134656K, used 104171K [0x00000000e0000000, 0x00000000e8380000, 0x00000000f5500000)
  object space 134656K, 77% used [0x00000000e0000000,0x00000000e65bae90,0x00000000e8380000)
 PSPermGen       total 129536K, used 124062K [0x00000000d0000000, 0x00000000d7e80000, 0x00000000e0000000)
  object space 129536K, 95% used [0x00000000d0000000,0x00000000d7927980,0x00000000d7e80000)
}
Event: 1803.222 GC heap before
{Heap before GC invocations=104 (full 37):
 PSYoungGen      total 103936K, used 56664K [0x00000000f5500000, 0x00000000fc880000, 0x0000000100000000)
  eden space 89600K, 63% used [0x00000000f5500000,0x00000000f8c56388,0x00000000fac80000)
  from space 14336K, 0% used [0x00000000fba80000,0x00000000fba80000,0x00000000fc880000)
  to   space 14336K, 0% used [0x00000000fac80000,0x00000000fac80000,0x00000000fba80000)
 ParOldGen       total 134656K, used 104171K [0x00000000e0000000, 0x00000000e8380000, 0x00000000f5500000)
  object space 134656K, 77% used [0x00000000e0000000,0x00000000e65bae90,0x00000000e8380000)
 PSPermGen       total 129536K, used 124328K [0x00000000d0000000, 0x00000000d7e80000, 0x00000000e0000000)
  object space 129536K, 95% used [0x00000000d0000000,0x00000000d796a108,0x00000000d7e80000)
Event: 1803.243 GC heap after
Heap after GC invocations=104 (full 37):
 PSYoungGen      total 91648K, used 1816K [0x00000000f5500000, 0x00000000fc780000, 0x0000000100000000)
  eden space 89600K, 0% used [0x00000000f5500000,0x00000000f5500000,0x00000000fac80000)
  from space 2048K, 88% used [0x00000000fac80000,0x00000000fae460b0,0x00000000fae80000)
  to   space 13824K, 0% used [0x00000000fba00000,0x00000000fba00000,0x00000000fc780000)
 ParOldGen       total 134656K, used 104171K [0x00000000e0000000, 0x00000000e8380000, 0x00000000f5500000)
  object space 134656K, 77% used [0x00000000e0000000,0x00000000e65bae90,0x00000000e8380000)
 PSPermGen       total 129536K, used 124328K [0x00000000d0000000, 0x00000000d7e80000, 0x00000000e0000000)
  object space 129536K, 95% used [0x00000000d0000000,0x00000000d796a108,0x00000000d7e80000)
}
Event: 1803.243 GC heap before
{Heap before GC invocations=105 (full 38):
 PSYoungGen      total 91648K, used 1816K [0x00000000f5500000, 0x00000000fc780000, 0x0000000100000000)
  eden space 89600K, 0% used [0x00000000f5500000,0x00000000f5500000,0x00000000fac80000)
  from space 2048K, 88% used [0x00000000fac80000,0x00000000fae460b0,0x00000000fae80000)
  to   space 13824K, 0% used [0x00000000fba00000,0x00000000fba00000,0x00000000fc780000)
 ParOldGen       total 134656K, used 104171K [0x00000000e0000000, 0x00000000e8380000, 0x00000000f5500000)
  object space 134656K, 77% used [0x00000000e0000000,0x00000000e65bae90,0x00000000e8380000)
 PSPermGen       total 129536K, used 124328K [0x00000000d0000000, 0x00000000d7e80000, 0x00000000e0000000)
  object space 129536K, 95% used [0x00000000d0000000,0x00000000d796a108,0x00000000d7e80000)

Deoptimization events (10 events):
Event: 1655.407 Thread 0x000000000a45d000 Uncommon trap: reason=bimorphic action=maybe_recompile pc=0x0000000002fe1194 method=java.util.regex.Pattern$Start.match(Ljava/util/regex/Matcher;ILjava/lang/CharSequence;)Z @ 44
Event: 1751.466 Thread 0x0000000001dae800 Uncommon trap: reason=unreached action=reinterpret pc=0x000000000303c230 method=org.eclipse.swt.layout.GridLayout.layout(Lorg/eclipse/swt/widgets/Composite;ZIIIIZ)Lorg/eclipse/swt/graphics/Point; @ 1825
Event: 1751.525 Thread 0x0000000001dae800 Uncommon trap: reason=unreached action=reinterpret pc=0x0000000002835548 method=org.eclipse.swt.widgets.Decorations.createAccelerators()V @ 25
Event: 1752.016 Thread 0x0000000001dae800 Uncommon trap: reason=unloaded action=reinterpret pc=0x0000000002e4ab9c method=java.util.regex.Pattern.newSlice([IIZ)Ljava/util/regex/Pattern$Node; @ 68
Event: 1754.083 Thread 0x0000000011d89000 Uncommon trap: reason=unreached action=reinterpret pc=0x0000000002fbdc84 method=org.eclipse.jdt.internal.compiler.lookup.Scope.getTypeOrPackage([CIZ)Lorg/eclipse/jdt/internal/compiler/lookup/Binding; @ 929
Event: 1755.398 Thread 0x0000000001dae800 Uncommon trap: reason=class_check action=maybe_recompile pc=0x0000000003025f48 method=org.eclipse.swt.custom.StyledTextListener.handleEvent(Lorg/eclipse/swt/widgets/Event;)V @ 371
Event: 1763.477 Thread 0x0000000011d83800 Uncommon trap: reason=class_check action=maybe_recompile pc=0x0000000002db84f0 method=org.eclipse.jdt.internal.compiler.parser.Scanner.getNextToken0()I @ 3180
Event: 1763.968 Thread 0x0000000011d83800 Uncommon trap: reason=class_check action=maybe_recompile pc=0x0000000002db84f0 method=org.eclipse.jdt.internal.compiler.parser.Scanner.getNextToken0()I @ 3180
Event: 1764.359 Thread 0x0000000011d83800 Uncommon trap: reason=class_check action=maybe_recompile pc=0x0000000002db84f0 method=org.eclipse.jdt.internal.compiler.parser.Scanner.getNextToken0()I @ 3180
Event: 1764.614 Thread 0x0000000011d83800 Uncommon trap: reason=class_check action=maybe_recompile pc=0x0000000002db84f0 method=org.eclipse.jdt.internal.compiler.parser.Scanner.getNextToken0()I @ 3180

Internal exceptions (10 events):
Event: 1577.102 Thread 0x00000000101a8000 Threw 0x00000000f5ecfb28 at C:\re\jdk7u75\1940\hotspot\src\share\vm\prims\jvm.cpp:1281
Event: 1583.628 Thread 0x0000000001dae800 Implicit null exception at 0x0000000002f0a344 to 0x0000000002f0a47d
Event: 1599.784 Thread 0x0000000001dae800 Implicit null exception at 0x00000000030d96a1 to 0x00000000030dc271
Event: 1599.784 Thread 0x0000000001dae800 Implicit null exception at 0x00000000030d9b8c to 0x00000000030dc051
Event: 1675.342 Thread 0x0000000011d86000 Threw 0x00000000f97175b0 at C:\re\jdk7u75\1940\hotspot\src\share\vm\runtime\objectMonitor.cpp:1652
Event: 1754.083 Thread 0x0000000011d89000 Implicit null exception at 0x0000000002fbb29f to 0x0000000002fbdc51
Event: 1764.616 Thread 0x0000000011d83800 Threw 0x00000000f7ac1a38 at C:\re\jdk7u75\1940\hotspot\src\share\vm\interpreter\interpreterRuntime.cpp:347
Event: 1764.799 Thread 0x0000000011d83800 Threw 0x00000000f7c1b448 at C:\re\jdk7u75\1940\hotspot\src\share\vm\interpreter\interpreterRuntime.cpp:347
Event: 1765.016 Thread 0x0000000011d83800 Threw 0x00000000f7c6cc18 at C:\re\jdk7u75\1940\hotspot\src\share\vm\interpreter\interpreterRuntime.cpp:347
Event: 1765.217 Thread 0x0000000011d83800 Threw 0x00000000f7dc6618 at C:\re\jdk7u75\1940\hotspot\src\share\vm\interpreter\interpreterRuntime.cpp:347

Events (10 events):
Event: 1765.013 Thread 0x0000000011d83800 Thread added: 0x0000000011d83800
Event: 1765.017 Executing VM operation: RevokeBias
Event: 1765.018 Executing VM operation: RevokeBias done
Event: 1765.018 Thread 0x0000000011d83800 Thread exited: 0x0000000011d83800
Event: 1765.210 Thread 0x0000000011d83800 Thread added: 0x0000000011d83800
Event: 1765.218 Executing VM operation: RevokeBias
Event: 1765.218 Executing VM operation: RevokeBias done
Event: 1765.224 Thread 0x0000000011d83800 Thread exited: 0x0000000011d83800
Event: 1794.038 Thread 0x00000000077ea800 flushing nmethod 0x0000000003137650
Event: 1803.220 Executing VM operation: ParallelGCSystemGC


Dynamic libraries:
0x000000013f270000 - 0x000000013f2a3000 	C:\Windows\system32\javaw.exe
0x0000000076ec0000 - 0x000000007706b000 	C:\Windows\SYSTEM32\ntdll.dll
0x0000000076da0000 - 0x0000000076ebf000 	C:\Windows\system32\kernel32.dll
0x000007fefcf10000 - 0x000007fefcf7b000 	C:\Windows\system32\KERNELBASE.dll
0x000007fefe930000 - 0x000007fefea0b000 	C:\Windows\system32\ADVAPI32.dll
0x000007fefe760000 - 0x000007fefe7ff000 	C:\Windows\system32\msvcrt.dll
0x000007fefea80000 - 0x000007fefea9f000 	C:\Windows\SYSTEM32\sechost.dll
0x000007fefe630000 - 0x000007fefe75e000 	C:\Windows\system32\RPCRT4.dll
0x0000000076ca0000 - 0x0000000076d9a000 	C:\Windows\system32\USER32.dll
0x000007fefd2e0000 - 0x000007fefd347000 	C:\Windows\system32\GDI32.dll
0x000007fefeb30000 - 0x000007fefeb3e000 	C:\Windows\system32\LPK.dll
0x000007fefe380000 - 0x000007fefe44a000 	C:\Windows\system32\USP10.dll
0x000007fefbf30000 - 0x000007fefc124000 	C:\Windows\WinSxS\amd64_microsoft.windows.common-controls_6595b64144ccf1df_6.0.7600.16385_none_fa645303170382f6\COMCTL32.dll
0x000007fefe0e0000 - 0x000007fefe151000 	C:\Windows\system32\SHLWAPI.dll
0x000007fefec20000 - 0x000007fefec4e000 	C:\Windows\system32\IMM32.DLL
0x000007feff0c0000 - 0x000007feff1c9000 	C:\Windows\system32\MSCTF.dll
0x0000000071300000 - 0x00000000713d2000 	C:\Program Files\Java\jre7\bin\msvcr100.dll
0x00000000654f0000 - 0x0000000065cc4000 	C:\Program Files\Java\jre7\bin\server\jvm.dll
0x000007fefaf40000 - 0x000007fefaf49000 	C:\Windows\system32\WSOCK32.dll
0x000007fefea30000 - 0x000007fefea7d000 	C:\Windows\system32\WS2_32.dll
0x000007fefeaa0000 - 0x000007fefeaa8000 	C:\Windows\system32\NSI.dll
0x000007fefabc0000 - 0x000007fefabfb000 	C:\Windows\system32\WINMM.dll
0x0000000077080000 - 0x0000000077087000 	C:\Windows\system32\PSAPI.DLL
0x00000000728b0000 - 0x00000000728bf000 	C:\Program Files\Java\jre7\bin\verify.dll
0x0000000071490000 - 0x00000000714b8000 	C:\Program Files\Java\jre7\bin\java.dll
0x0000000071470000 - 0x0000000071485000 	C:\Program Files\Java\jre7\bin\zip.dll
0x000007fefc690000 - 0x000007fefc6a7000 	C:\Windows\system32\CRYPTSP.dll
0x000007fefc390000 - 0x000007fefc3d7000 	C:\Windows\system32\rsaenh.dll
0x000007fefbe10000 - 0x000007fefbe2e000 	C:\Windows\system32\USERENV.dll
0x000007fefce20000 - 0x000007fefce2f000 	C:\Windows\system32\profapi.dll
0x000007fefcd50000 - 0x000007fefcd5f000 	C:\Windows\system32\CRYPTBASE.dll
0x0000000071450000 - 0x0000000071469000 	C:\Program Files\Java\jre7\bin\net.dll
0x000007fefc630000 - 0x000007fefc684000 	C:\Windows\system32\mswsock.dll
0x000007fefc620000 - 0x000007fefc627000 	C:\Windows\System32\wship6.dll
0x000007fef9230000 - 0x000007fef9257000 	C:\Windows\system32\IPHLPAPI.DLL
0x000007fef9220000 - 0x000007fef922b000 	C:\Windows\system32\WINNSI.DLL
0x000007fef8e30000 - 0x000007fef8e48000 	C:\Windows\system32\dhcpcsvc.DLL
0x000007fef8e10000 - 0x000007fef8e21000 	C:\Windows\system32\dhcpcsvc6.DLL
0x0000000071430000 - 0x0000000071441000 	C:\Program Files\Java\jre7\bin\nio.dll
0x0000000072000000 - 0x0000000072012000 	C:\eclipse\plugins\org.eclipse.equinox.launcher.win32.win32.x86_64_1.1.200.v20150204-1316\eclipse_1608.dll
0x000007fefbc30000 - 0x000007fefbc3c000 	C:\Windows\system32\VERSION.dll
0x000007fefb4f0000 - 0x000007fefb546000 	C:\Windows\system32\uxtheme.dll
0x000007fee8a60000 - 0x000007fee8a9f000 	C:\Program Files\WIDCOMM\Bluetooth Software\btmmhook.dll
0x000007fefd350000 - 0x000007fefe0d6000 	C:\Windows\system32\SHELL32.dll
0x000007fefeeb0000 - 0x000007feff0b1000 	C:\Windows\system32\ole32.dll
0x000007fefeb40000 - 0x000007fefec17000 	C:\Windows\system32\OLEAUT32.dll
0x000007fef9710000 - 0x000007fef9725000 	C:\Windows\system32\NLAapi.dll
0x000007fefc4b0000 - 0x000007fefc50b000 	C:\Windows\system32\DNSAPI.dll
0x000007fef4b60000 - 0x000007fef4b6b000 	C:\Windows\System32\winrnr.dll
0x000007fef4b40000 - 0x000007fef4b55000 	C:\Windows\system32\napinsp.dll
0x000007fef4b20000 - 0x000007fef4b39000 	C:\Windows\system32\pnrpnsp.dll
0x000007fef4b10000 - 0x000007fef4b20000 	C:\Windows\system32\wshbth.dll
0x000007fefbd00000 - 0x000007fefbd07000 	C:\Windows\System32\wshtcpip.dll
0x000007fef98f0000 - 0x000007fef98f8000 	C:\Windows\system32\rasadhlp.dll
0x000007fef8eb0000 - 0x000007fef8f03000 	C:\Windows\System32\fwpuclnt.dll
0x0000000010000000 - 0x00000000100a8000 	C:\eclipse\configuration\org.eclipse.osgi\676\0\.cp\swt-win32-4430.dll
0x000007fefe2e0000 - 0x000007fefe378000 	C:\Windows\system32\comdlg32.dll
0x000007fefac60000 - 0x000007fefacd0000 	C:\Windows\system32\WINSPOOL.DRV
0x000007fefe800000 - 0x000007fefe92a000 	C:\Windows\system32\WININET.dll
0x0000000077090000 - 0x0000000077093000 	C:\Windows\system32\Normaliz.dll
0x000007fefe160000 - 0x000007fefe2d8000 	C:\Windows\system32\urlmon.dll
0x000007fefd020000 - 0x000007fefd186000 	C:\Windows\system32\CRYPT32.dll
0x000007fefcec0000 - 0x000007fefcecf000 	C:\Windows\system32\MSASN1.dll
0x000007fefec50000 - 0x000007fefeea8000 	C:\Windows\system32\iertutil.dll
0x000007fefb0c0000 - 0x000007fefb0d8000 	C:\Windows\system32\dwmapi.dll
0x000007fefb550000 - 0x000007fefb67c000 	C:\Windows\system32\propsys.dll
0x000007fefd1f0000 - 0x000007fefd289000 	C:\Windows\system32\CLBCatQ.DLL
0x0000000005780000 - 0x000000000579e000 	C:\eclipse\configuration\org.eclipse.osgi\676\0\.cp\swt-gdip-win32-4430.dll
0x000007fefb2d0000 - 0x000007fefb4e5000 	C:\Windows\WinSxS\amd64_microsoft.windows.gdiplus_6595b64144ccf1df_1.1.7600.16385_none_2b4f45e87195fcc4\gdiplus.dll
0x000007fefaf50000 - 0x000007fefb07a000 	C:\Windows\system32\WindowsCodecs.dll
0x000007fefac00000 - 0x000007fefac54000 	C:\Windows\system32\oleacc.dll
0x0000000180000000 - 0x0000000180012000 	C:\eclipse\configuration\org.eclipse.osgi\80\0\.cp\os\win32\x86_64\localfile_1_0_0.dll
0x000007fef3220000 - 0x000007fef3231000 	C:\eclipse\configuration\org.eclipse.osgi\83\0\.cp\jWinHttp-1.0.0.dll
0x000007fefa6b0000 - 0x000007fefa71e000 	C:\Windows\system32\WINHTTP.dll
0x000007fefa640000 - 0x000007fefa6a4000 	C:\Windows\system32\webio.dll
0x000007fefccc0000 - 0x000007fefcce5000 	C:\Windows\system32\SspiCli.dll
0x000007fefbf20000 - 0x000007fefbf29000 	C:\Windows\system32\credssp.dll
0x000007fefd1b0000 - 0x000007fefd1e6000 	C:\Windows\system32\CFGMGR32.dll
0x000007fedf750000 - 0x000007fedf78b000 	C:\Windows\system32\mlang.dll
0x0000000071400000 - 0x0000000071424000 	C:\Program Files\Java\jre7\bin\sunec.dll
0x000007fefce00000 - 0x000007fefce14000 	C:\Windows\system32\RpcRtRemote.dll
0x000007fefc130000 - 0x000007fefc137000 	C:\Windows\system32\msimg32.dll
0x000007fef6d20000 - 0x000007fef6eea000 	C:\Windows\system32\explorerframe.dll
0x000007fefb180000 - 0x000007fefb1c3000 	C:\Windows\system32\DUser.dll
0x000007fefb1d0000 - 0x000007fefb2c2000 	C:\Windows\system32\DUI70.dll
0x000007fefe450000 - 0x000007fefe627000 	C:\Windows\system32\SETUPAPI.dll
0x000007fefd190000 - 0x000007fefd1aa000 	C:\Windows\system32\DEVOBJ.dll
0x000007fefa920000 - 0x000007fefa94d000 	C:\Windows\system32\ntmarta.dll
0x000007fefd290000 - 0x000007fefd2e0000 	C:\Windows\system32\WLDAP32.dll
0x000007fefccf0000 - 0x000007fefcd47000 	C:\Windows\system32\apphelp.dll
0x000007feea4e0000 - 0x000007feea54d000 	C:\Program Files\WIDCOMM\Bluetooth Software\btncopy.dll
0x000007fef2c90000 - 0x000007fef2d10000 	C:\Windows\system32\ntshrui.dll
0x000007fefcbc0000 - 0x000007fefcbe3000 	C:\Windows\system32\srvcli.dll
0x000007fef7270000 - 0x000007fef727f000 	C:\Windows\system32\cscapi.dll
0x000007fef9600000 - 0x000007fef960b000 	C:\Windows\system32\slc.dll
0x000007fefaae0000 - 0x000007fefaaec000 	C:\Windows\system32\netutils.dll
0x000007fef4490000 - 0x000007fef449c000 	C:\Windows\system32\LINKINFO.dll
0x000007fee8aa0000 - 0x000007fee8ac4000 	C:\Program Files\WIDCOMM\Bluetooth Software\btkeyind.dll
0x000007fed07f0000 - 0x000007fed13be000 	C:\Windows\System32\ieframe.dll
0x000007fefcd60000 - 0x000007fefcdf2000 	C:\Windows\system32\SXS.DLL
0x000007fecff10000 - 0x000007fed07eb000 	C:\Windows\System32\mshtml.dll
0x000007fef4380000 - 0x000007fef43bb000 	C:\Windows\System32\msls31.dll
0x000007fecfd60000 - 0x000007fecfd71000 	C:\Windows\system32\ImgUtil.dll
0x000007fecfdd0000 - 0x000007fecfdde000 	C:\Windows\system32\msimtf.dll
0x000007fef58d0000 - 0x000007fef59f5000 	C:\Windows\system32\dbghelp.dll

VM Arguments:
jvm_args: -Dosgi.requiredJavaVersion=1.6 -Xms40m -Xmx512m -XX:MaxPermSize=256m 
java_command: C:\eclipse\\plugins/org.eclipse.equinox.launcher_1.3.0.v20140415-2008.jar -os win32 -ws win32 -arch x86_64 -showsplash C:\eclipse\\plugins\org.eclipse.platform_4.4.2.v20150204-1700\splash.bmp -launcher C:\eclipse\eclipse.exe -name Eclipse --launcher.library C:\eclipse\\plugins/org.eclipse.equinox.launcher.win32.win32.x86_64_1.1.200.v20150204-1316\eclipse_1608.dll -startup C:\eclipse\\plugins/org.eclipse.equinox.launcher_1.3.0.v20140415-2008.jar --launcher.appendVmargs -exitdata 1970_a4 -product org.eclipse.epp.package.jee.product E:\Munish\sabre\codebase\revised\gate.poc\gate.poc\src\main\java\com\motivity\parser\GateParser.java -vm C:\Windows\system32\javaw.exe -vmargs -Dosgi.requiredJavaVersion=1.6 -Xms40m -Xmx512m -XX:MaxPermSize=256m -jar C:\eclipse\\plugins/org.eclipse.equinox.launcher_1.3.0.v20140415-2008.jar
Launcher Type: SUN_STANDARD

Environment Variables:
JAVA_HOME=C:\Program Files\Java\jdk1.7.0_75
PATH=C:\Program Files\Broadcom\Broadcom 802.11 Network Adapter\Driver;C:\Windows\system32;C:\Windows;C:\Windows\System32\Wbem;C:\Windows\System32\WindowsPowerShell\v1.0\;C:\Program Files\WIDCOMM\Bluetooth Software\;C:\Program Files\WIDCOMM\Bluetooth Software\syswow64;C:\Program Files (x86)\Skype\Phone\;C:\Program Files\Java\jdk1.7.0_75\bin;C:\Program Files\Java\jre7\bin;C:\apache-maven-3.2.5\bin;C:\Program Files (x86)\MySQL\MySQL Fabric 1.5.4 & MySQL Utilities 1.5.4 1.5\;C:\Program Files (x86)\MySQL\MySQL Fabric 1.5.4 & MySQL Utilities 1.5.4 1.5\Doctrine extensions for PHP\
USERNAME=Munish
OS=Windows_NT
PROCESSOR_IDENTIFIER=Intel64 Family 6 Model 69 Stepping 1, GenuineIntel



---------------  S Y S T E M  ---------------

OS: Windows 7 , 64 bit Build 7600 

CPU:total 4 (2 cores per cpu, 2 threads per core) family 6 model 69 stepping 1, cmov, cx8, fxsr, mmx, sse, sse2, sse3, ssse3, sse4.1, sse4.2, popcnt, aes, erms, ht, tsc, tscinvbit

Memory: 4k page, physical 8314224k(3480652k free), swap 16626548k(10358152k free)

vm_info: Java HotSpot(TM) 64-Bit Server VM (24.75-b04) for windows-amd64 JRE (1.7.0_75-b13), built on Dec 18 2014 17:15:01 by "java_re" with unknown MS VC++:1600

time: Tue Apr 28 16:26:32 2015
elapsed time: 1803 seconds

